<?xml version="1.0" encoding="UTF-8"?>
<testsuite xmlns:xsi="http://www.w3.org/2001/XMLSchema-instance" xsi:noNamespaceSchemaLocation="https://maven.apache.org/surefire/maven-surefire-plugin/xsd/surefire-test-report.xsd" name="tesseract.OTserver.util.DocumentUtilTests" time="0.166" tests="11" errors="0" skipped="0" failures="0">
  <properties>
[...]
</properties>
  <testcase name="getIndex_lines2" classname="tesseract.OTserver.util.DocumentUtilTests" time="0"/>
  <testcase name="getIndex_EndOfModel2" classname="tesseract.OTserver.util.DocumentUtilTests" time="0"/>
  <testcase name="getIndex_startOfModel" classname="tesseract.OTserver.util.DocumentUtilTests" time="0"/>
  <testcase name="updateModel_SelectionNoNewLine" classname="tesseract.OTserver.util.DocumentUtilTests" time="0"/>
  <testcase name="getIndex_EndOfModel" classname="tesseract.OTserver.util.DocumentUtilTests" time="0"/>
  <testcase name="updateModel_EmptySimpleInsert" classname="tesseract.OTserver.util.DocumentUtilTests" time="0"/>
  <testcase name="updateModel_SelectionNewLines" classname="tesseract.OTserver.util.DocumentUtilTests" time="0"/>
  <testcase name="getIndex_lines" classname="tesseract.OTserver.util.DocumentUtilTests" time="0"/>
  <testcase name="contextLoads" classname="tesseract.OTserver.util.DocumentUtilTests" time="0"/>
  <testcase name="updateModel_EmptySimpleInsert2" classname="tesseract.OTserver.util.DocumentUtilTests" time="0"/>
  <testcase name="updateModel_EmptySimpleInsert3" classname="tesseract.OTserver.util.DocumentUtilTests" time="0"/>
</testsuite>